TN:
SF:src/EzComponent.ts
FN:3,(anonymous_0)
FN:58,(anonymous_1)
FN:70,(anonymous_2)
FN:95,(anonymous_3)
FN:114,(anonymous_4)
FN:155,(anonymous_5)
FN:166,(anonymous_6)
FN:186,(anonymous_7)
FN:196,(anonymous_8)
FN:200,(anonymous_9)
FN:207,(anonymous_10)
FN:220,(anonymous_11)
FN:232,(anonymous_12)
FN:242,(anonymous_13)
FNF:14
FNH:14
FNDA:6,(anonymous_0)
FNDA:1,(anonymous_1)
FNDA:288,(anonymous_2)
FNDA:1,(anonymous_3)
FNDA:267,(anonymous_4)
FNDA:37,(anonymous_5)
FNDA:13,(anonymous_6)
FNDA:4,(anonymous_7)
FNDA:1,(anonymous_8)
FNDA:2,(anonymous_9)
FNDA:2,(anonymous_10)
FNDA:1,(anonymous_11)
FNDA:1,(anonymous_12)
FNDA:1,(anonymous_13)
DA:1,6
DA:3,6
DA:4,6
DA:5,6
DA:6,6
DA:7,6
DA:8,6
DA:9,6
DA:36,6
DA:45,6
DA:59,1
DA:71,288
DA:72,288
DA:74,288
DA:76,288
DA:77,288
DA:78,288
DA:79,288
DA:85,288
DA:86,288
DA:87,288
DA:88,288
DA:89,288
DA:90,288
DA:91,288
DA:92,288
DA:93,288
DA:94,288
DA:95,5
DA:96,1
DA:119,267
DA:120,192
DA:121,72
DA:122,72
DA:127,120
DA:128,120
DA:129,120
DA:130,36
DA:131,84
DA:135,75
DA:136,39
DA:138,36
DA:139,36
DA:140,36
DA:156,37
DA:157,37
DA:167,13
DA:192,4
DA:193,4
DA:194,4
DA:195,4
DA:196,1
DA:197,1
DA:200,4
DA:201,2
DA:202,1
DA:204,1
DA:207,4
DA:208,2
DA:210,4
DA:211,4
DA:221,1
DA:233,1
DA:234,1
DA:243,1
DA:244,1
LF:66
LH:66
BRDA:3,0,0,6
BRDA:3,0,1,6
BRDA:94,1,0,5
BRDA:116,2,0,3
BRDA:117,3,0,75
BRDA:119,4,0,192
BRDA:119,4,1,75
BRDA:120,5,0,72
BRDA:120,5,1,120
BRDA:121,6,0,72
BRDA:128,7,0,120
BRDA:129,8,0,36
BRDA:129,8,1,84
BRDA:135,9,0,39
BRDA:135,9,1,36
BRDA:139,10,0,36
BRDA:189,11,0,3
BRDA:197,12,0,1
BRDA:201,13,0,1
BRDA:201,13,1,1
BRDA:201,14,0,2
BRDA:201,14,1,2
BRDA:234,15,0,1
BRDA:244,16,0,1
BRF:24
BRH:24
end_of_record
TN:
SF:src/EzDialog.ts
FN:94,(anonymous_0)
FN:126,(anonymous_1)
FN:134,(anonymous_2)
FN:162,(anonymous_3)
FN:187,(anonymous_4)
FN:198,(anonymous_5)
FNF:6
FNH:5
FNDA:2,(anonymous_0)
FNDA:4,(anonymous_1)
FNDA:0,(anonymous_2)
FNDA:1,(anonymous_3)
FNDA:1,(anonymous_4)
FNDA:1,(anonymous_5)
DA:1,1
DA:2,1
DA:5,1
DA:7,1
DA:43,1
DA:58,1
DA:79,1
DA:82,2
DA:83,1
DA:95,2
DA:96,2
DA:97,2
DA:98,2
DA:100,2
DA:101,2
DA:102,2
DA:103,2
DA:104,2
DA:105,2
DA:106,2
DA:107,2
DA:109,2
DA:110,2
DA:127,4
DA:128,2
DA:130,2
DA:135,0
DA:137,0
DA:140,0
DA:169,1
DA:170,1
DA:172,1
DA:173,1
DA:174,1
DA:175,1
DA:177,1
DA:178,1
DA:179,1
DA:180,1
DA:181,1
DA:182,1
DA:183,1
DA:184,1
DA:185,1
DA:187,1
DA:188,1
DA:189,1
DA:191,1
DA:192,1
DA:196,1
DA:197,1
DA:198,1
DA:199,1
DA:201,1
LF:54
LH:51
BRDA:94,0,0,1
BRDA:94,1,0,2
BRDA:110,2,0,2
BRDA:126,3,0,2
BRDA:127,4,0,2
BRDA:127,4,1,2
BRDA:135,5,0,0
BRDA:137,6,0,0
BRDA:137,6,1,0
BRDA:140,7,0,0
BRDA:165,8,0,1
BRDA:166,9,0,1
BRDA:167,10,0,1
BRDA:173,11,0,1
BRDA:175,12,0,1
BRDA:178,13,0,1
BRF:16
BRH:12
end_of_record
TN:
SF:src/bind.decorators.ts
FN:17,getPublicKey
FN:28,getPrivateKey
FN:42,hookProperty
FN:58,(anonymous_3)
FN:61,(anonymous_4)
FN:79,hookPropertySetter
FN:89,(anonymous_6)
FN:107,getPropertyDescriptor
FN:168,BindStyle
FN:171,(anonymous_9)
FN:177,(anonymous_10)
FN:181,(anonymous_11)
FN:196,(anonymous_12)
FN:207,(anonymous_13)
FN:258,BindCSSClass
FN:260,(anonymous_15)
FN:265,(anonymous_16)
FN:269,(anonymous_17)
FN:281,(anonymous_18)
FN:289,(anonymous_19)
FN:295,(anonymous_20)
FN:298,(anonymous_21)
FN:305,(anonymous_22)
FN:308,(anonymous_23)
FN:318,(anonymous_24)
FN:324,(anonymous_25)
FN:327,(anonymous_26)
FN:335,(anonymous_27)
FN:338,(anonymous_28)
FN:404,BindValue
FN:406,(anonymous_30)
FN:411,(anonymous_31)
FN:415,(anonymous_32)
FN:438,(anonymous_33)
FN:460,(anonymous_34)
FN:529,BindAttribute
FN:532,(anonymous_36)
FN:537,(anonymous_37)
FN:541,(anonymous_38)
FN:551,(anonymous_39)
FN:578,BindCSSClassToBoolean
FN:583,(anonymous_41)
FN:596,BindDisabledToBoolean
FN:601,(anonymous_43)
FN:616,BindVisibleToBoolean
FN:621,(anonymous_45)
FN:638,BindStyleToNumberAppendPx
FN:647,(anonymous_47)
FNF:48
FNH:44
FNDA:1080,getPublicKey
FNDA:348,getPrivateKey
FNDA:348,hookProperty
FNDA:250,(anonymous_3)
FNDA:33,(anonymous_4)
FNDA:192,hookPropertySetter
FNDA:20,(anonymous_6)
FNDA:540,getPropertyDescriptor
FNDA:22,BindStyle
FNDA:39,(anonymous_9)
FNDA:22,(anonymous_10)
FNDA:50,(anonymous_11)
FNDA:1,(anonymous_12)
FNDA:3,(anonymous_13)
FNDA:67,BindCSSClass
FNDA:78,(anonymous_15)
FNDA:67,(anonymous_16)
FNDA:158,(anonymous_17)
FNDA:108,(anonymous_18)
FNDA:5,(anonymous_19)
FNDA:3,(anonymous_20)
FNDA:3,(anonymous_21)
FNDA:6,(anonymous_22)
FNDA:3,(anonymous_23)
FNDA:10,(anonymous_24)
FNDA:6,(anonymous_25)
FNDA:6,(anonymous_26)
FNDA:11,(anonymous_27)
FNDA:6,(anonymous_28)
FNDA:112,BindValue
FNDA:291,(anonymous_30)
FNDA:112,(anonymous_31)
FNDA:266,(anonymous_32)
FNDA:10,(anonymous_33)
FNDA:17,(anonymous_34)
FNDA:32,BindAttribute
FNDA:52,(anonymous_36)
FNDA:32,(anonymous_37)
FNDA:74,(anonymous_38)
FNDA:79,(anonymous_39)
FNDA:35,BindCSSClassToBoolean
FNDA:54,(anonymous_41)
FNDA:0,BindDisabledToBoolean
FNDA:0,(anonymous_43)
FNDA:0,BindVisibleToBoolean
FNDA:0,(anonymous_45)
FNDA:5,BindStyleToNumberAppendPx
FNDA:13,(anonymous_47)
DA:20,1080
DA:31,348
DA:49,348
DA:50,348
DA:51,348
DA:57,348
DA:59,250
DA:62,33
DA:63,33
DA:64,33
DA:86,192
DA:87,192
DA:90,20
DA:91,20
DA:92,20
DA:94,20
DA:111,540
DA:117,540
DA:168,5
DA:172,39
DA:177,22
DA:181,22
DA:182,50
DA:183,50
DA:184,2
DA:186,48
DA:187,48
DA:188,48
DA:190,48
DA:191,48
DA:192,12
DA:197,1
DA:203,36
DA:208,3
DA:258,5
DA:260,78
DA:265,67
DA:269,67
DA:270,158
DA:271,158
DA:272,2
DA:274,156
DA:275,156
DA:277,156
DA:278,156
DA:279,108
DA:281,108
DA:282,108
DA:284,156
DA:285,48
DA:290,5
DA:292,5
DA:293,3
DA:295,3
DA:296,3
DA:297,3
DA:299,3
DA:303,5
DA:305,6
DA:306,5
DA:307,3
DA:308,3
DA:314,108
DA:319,10
DA:321,10
DA:322,6
DA:324,6
DA:325,6
DA:326,6
DA:328,6
DA:333,10
DA:335,11
DA:336,10
DA:337,6
DA:338,6
DA:404,5
DA:406,291
DA:411,112
DA:415,112
DA:416,266
DA:417,266
DA:418,2
DA:420,264
DA:421,264
DA:422,264
DA:423,264
DA:424,36
DA:425,228
DA:426,24
DA:427,204
DA:428,24
DA:429,180
DA:430,24
DA:431,24
DA:432,156
DA:433,264
DA:434,108
DA:439,10
DA:440,1
DA:442,9
DA:443,1
DA:445,8
DA:446,1
DA:448,7
DA:449,1
DA:451,1
DA:452,6
DA:456,156
DA:461,17
DA:462,5
DA:464,12
DA:465,1
DA:467,11
DA:468,1
DA:470,10
DA:471,1
DA:473,1
DA:474,9
DA:529,5
DA:532,52
DA:537,32
DA:541,32
DA:542,74
DA:543,74
DA:544,2
DA:546,72
DA:547,72
DA:549,72
DA:551,72
DA:552,79
DA:553,65
DA:554,14
DA:556,72
DA:557,72
DA:558,24
DA:560,48
DA:578,5
DA:583,54
DA:596,5
DA:601,0
DA:602,0
DA:616,5
DA:621,0
DA:622,0
DA:638,5
DA:644,5
DA:647,13
LF:147
LH:143
BRDA:47,0,0,240
BRDA:62,1,0,10
BRDA:64,2,0,23
BRDA:84,3,0,144
BRDA:90,4,0,5
BRDA:91,5,0,20
BRDA:94,6,0,15
BRDA:171,7,0,17
BRDA:183,8,0,2
BRDA:191,9,0,12
BRDA:191,9,1,36
BRDA:260,10,0,32
BRDA:271,11,0,2
BRDA:278,12,0,108
BRDA:282,13,0,108
BRDA:284,14,0,48
BRDA:284,14,1,108
BRDA:292,15,0,3
BRDA:296,16,0,3
BRDA:306,17,0,3
BRDA:321,18,0,6
BRDA:325,19,0,6
BRDA:336,20,0,6
BRDA:406,21,0,102
BRDA:417,22,0,2
BRDA:423,23,0,36
BRDA:423,23,1,228
BRDA:425,24,0,24
BRDA:425,24,1,204
BRDA:427,25,0,24
BRDA:427,25,1,180
BRDA:429,26,0,24
BRDA:429,26,1,156
BRDA:433,27,0,108
BRDA:433,27,1,156
BRDA:439,28,0,1
BRDA:439,28,1,9
BRDA:442,29,0,1
BRDA:442,29,1,8
BRDA:445,30,0,1
BRDA:445,30,1,7
BRDA:448,31,0,1
BRDA:448,31,1,6
BRDA:461,32,0,5
BRDA:461,32,1,12
BRDA:464,33,0,1
BRDA:464,33,1,11
BRDA:467,34,0,1
BRDA:467,34,1,10
BRDA:470,35,0,1
BRDA:470,35,1,9
BRDA:532,36,0,12
BRDA:543,37,0,2
BRDA:552,38,0,65
BRDA:552,38,1,14
BRDA:557,39,0,24
BRDA:557,39,1,48
BRDA:583,40,0,48
BRDA:583,40,1,6
BRDA:602,41,0,0
BRDA:602,41,1,0
BRDA:622,42,0,0
BRDA:622,42,1,0
BRF:63
BRH:59
end_of_record
TN:
SF:src/bootstrap.ts
FN:8,bootstrap
FNF:1
FNH:1
FNDA:21,bootstrap
DA:8,5
DA:13,21
DA:14,17
DA:16,21
DA:17,13
DA:19,13
DA:20,5
DA:21,13
LF:8
LH:8
BRDA:10,0,0,4
BRDA:13,1,0,17
BRDA:19,2,0,8
BRDA:19,2,1,5
BRF:4
BRH:4
end_of_record
TN:
SF:src/event.decorators.ts
FN:22,GenericEvent
FN:26,(anonymous_1)
FN:33,(anonymous_2)
FN:37,(anonymous_3)
FN:56,WindowEvent
FN:57,(anonymous_5)
FN:64,(anonymous_6)
FN:65,(anonymous_7)
FN:83,Click
FN:98,Blur
FN:112,Change
FN:127,Input
FN:144,Timer
FN:145,(anonymous_13)
FN:152,(anonymous_14)
FN:153,(anonymous_15)
FN:154,(anonymous_16)
FNF:17
FNH:17
FNDA:65,GenericEvent
FNDA:65,(anonymous_1)
FNDA:360,(anonymous_2)
FNDA:14,(anonymous_3)
FNDA:5,WindowEvent
FNDA:5,(anonymous_5)
FNDA:12,(anonymous_6)
FNDA:5,(anonymous_7)
FNDA:30,Click
FNDA:5,Blur
FNDA:5,Change
FNDA:15,Input
FNDA:5,Timer
FNDA:5,(anonymous_13)
FNDA:12,(anonymous_14)
FNDA:5,(anonymous_15)
FNDA:1,(anonymous_16)
DA:22,5
DA:26,65
DA:33,65
DA:35,360
DA:36,360
DA:37,360
DA:38,14
DA:56,5
DA:57,5
DA:64,5
DA:65,12
DA:66,5
DA:83,5
DA:84,30
DA:98,5
DA:99,5
DA:112,5
DA:113,5
DA:127,5
DA:128,15
DA:144,5
DA:145,5
DA:152,5
DA:153,12
DA:154,5
DA:155,1
LF:26
LH:26
BRDA:36,0,0,360
BRF:1
BRH:1
end_of_record
TN:
SF:src/eventsubject.ts
FN:9,(anonymous_0)
FN:24,(anonymous_1)
FN:41,(anonymous_2)
FN:42,(anonymous_3)
FN:43,(anonymous_4)
FN:58,(anonymous_5)
FN:76,(anonymous_6)
FN:94,(anonymous_7)
FN:95,(anonymous_8)
FN:97,(anonymous_9)
FN:100,(anonymous_10)
FNF:11
FNH:11
FNDA:13,(anonymous_0)
FNDA:9,(anonymous_1)
FNDA:2,(anonymous_2)
FNDA:2,(anonymous_3)
FNDA:1,(anonymous_4)
FNDA:5,(anonymous_5)
FNDA:4,(anonymous_6)
FNDA:4,(anonymous_7)
FNDA:4,(anonymous_8)
FNDA:1,(anonymous_9)
FNDA:3,(anonymous_10)
DA:5,7
DA:6,13
DA:7,13
DA:8,13
DA:25,9
DA:26,9
DA:27,9
DA:42,2
DA:43,2
DA:59,5
DA:77,4
DA:95,4
DA:96,4
DA:98,1
DA:101,3
LF:15
LH:15
BRDA:26,0,0,5
BRF:1
BRH:1
end_of_record
