TN:
SF:src/EzComponent.ts
FN:10,(anonymous_0)
FN:68,(anonymous_1)
FN:80,(anonymous_2)
FN:104,(anonymous_3)
FN:123,(anonymous_4)
FN:163,(anonymous_5)
FN:180,(anonymous_6)
FN:191,(anonymous_7)
FN:211,(anonymous_8)
FN:221,(anonymous_9)
FN:225,(anonymous_10)
FN:232,(anonymous_11)
FN:245,(anonymous_12)
FN:257,(anonymous_13)
FN:267,(anonymous_14)
FN:279,(anonymous_15)
FNF:16
FNH:15
FNDA:6,(anonymous_0)
FNDA:1,(anonymous_1)
FNDA:451,(anonymous_2)
FNDA:1,(anonymous_3)
FNDA:421,(anonymous_4)
FNDA:0,(anonymous_5)
FNDA:58,(anonymous_6)
FNDA:22,(anonymous_7)
FNDA:4,(anonymous_8)
FNDA:1,(anonymous_9)
FNDA:2,(anonymous_10)
FNDA:2,(anonymous_11)
FNDA:1,(anonymous_12)
FNDA:1,(anonymous_13)
FNDA:1,(anonymous_14)
FNDA:6,(anonymous_15)
DA:1,6
DA:2,6
DA:10,6
DA:11,6
DA:12,6
DA:13,6
DA:14,6
DA:15,6
DA:16,6
DA:45,6
DA:50,451
DA:55,6
DA:69,1
DA:81,451
DA:82,451
DA:84,451
DA:86,451
DA:87,451
DA:88,451
DA:89,451
DA:91,0
DA:92,0
DA:94,451
DA:95,451
DA:96,451
DA:97,451
DA:98,451
DA:99,451
DA:100,451
DA:101,451
DA:102,451
DA:103,451
DA:104,5
DA:105,1
DA:128,421
DA:129,304
DA:130,114
DA:131,114
DA:136,190
DA:137,190
DA:138,190
DA:139,57
DA:140,133
DA:144,117
DA:145,60
DA:147,57
DA:148,57
DA:149,57
DA:164,0
DA:165,0
DA:168,0
DA:169,0
DA:181,58
DA:182,58
DA:192,22
DA:217,4
DA:218,4
DA:219,4
DA:220,4
DA:221,1
DA:222,1
DA:225,4
DA:226,2
DA:227,1
DA:229,1
DA:232,4
DA:233,2
DA:235,4
DA:236,4
DA:246,1
DA:258,1
DA:259,1
DA:268,1
DA:269,1
DA:280,6
DA:281,6
DA:282,1
DA:283,5
DA:284,1
DA:285,4
DA:286,1
DA:287,3
DA:288,1
DA:289,2
LF:84
LH:78
BRDA:10,0,0,6
BRDA:10,0,1,6
BRDA:91,1,0,0
BRDA:103,2,0,5
BRDA:125,3,0,3
BRDA:126,4,0,117
BRDA:128,5,0,304
BRDA:128,5,1,117
BRDA:129,6,0,114
BRDA:129,6,1,190
BRDA:130,7,0,114
BRDA:137,8,0,190
BRDA:138,9,0,57
BRDA:138,9,1,133
BRDA:144,10,0,60
BRDA:144,10,1,57
BRDA:148,11,0,57
BRDA:163,12,0,0
BRDA:164,13,0,0
BRDA:214,14,0,3
BRDA:222,15,0,1
BRDA:226,16,0,1
BRDA:226,16,1,1
BRDA:226,17,0,2
BRDA:226,17,1,2
BRDA:259,18,0,1
BRDA:269,19,0,1
BRDA:281,20,0,1
BRDA:281,20,1,5
BRDA:283,21,0,1
BRDA:283,21,1,4
BRDA:285,22,0,1
BRDA:285,22,1,3
BRDA:287,23,0,1
BRDA:287,23,1,2
BRF:35
BRH:32
end_of_record
TN:
SF:src/EzDialog.ts
FN:95,(anonymous_0)
FN:127,(anonymous_1)
FN:135,(anonymous_2)
FN:163,(anonymous_3)
FN:188,(anonymous_4)
FN:199,(anonymous_5)
FNF:6
FNH:6
FNDA:2,(anonymous_0)
FNDA:4,(anonymous_1)
FNDA:2,(anonymous_2)
FNDA:1,(anonymous_3)
FNDA:1,(anonymous_4)
FNDA:1,(anonymous_5)
DA:1,1
DA:2,1
DA:5,1
DA:7,1
DA:43,1
DA:58,1
DA:80,1
DA:83,2
DA:84,1
DA:96,2
DA:97,2
DA:98,2
DA:99,2
DA:101,2
DA:102,2
DA:103,2
DA:104,2
DA:105,2
DA:106,2
DA:107,2
DA:108,2
DA:110,2
DA:111,2
DA:128,4
DA:129,2
DA:131,2
DA:136,2
DA:138,2
DA:141,2
DA:170,1
DA:171,1
DA:173,1
DA:174,1
DA:175,1
DA:176,1
DA:178,1
DA:179,1
DA:180,1
DA:181,1
DA:182,1
DA:183,1
DA:184,1
DA:185,1
DA:186,1
DA:188,1
DA:189,1
DA:190,1
DA:192,1
DA:193,1
DA:197,1
DA:198,1
DA:199,1
DA:200,1
DA:202,1
LF:54
LH:54
BRDA:95,0,0,1
BRDA:95,1,0,2
BRDA:111,2,0,2
BRDA:127,3,0,2
BRDA:128,4,0,2
BRDA:128,4,1,2
BRDA:136,5,0,2
BRDA:138,6,0,1
BRDA:138,6,1,1
BRDA:141,7,0,1
BRDA:166,8,0,1
BRDA:167,9,0,1
BRDA:168,10,0,1
BRDA:174,11,0,1
BRDA:176,12,0,1
BRDA:179,13,0,1
BRF:16
BRH:16
end_of_record
TN:
SF:src/EzRouter.ts
FN:19,(anonymous_0)
FN:25,(anonymous_1)
FN:26,(anonymous_2)
FNF:3
FNH:0
FNDA:0,(anonymous_0)
FNDA:0,(anonymous_1)
FNDA:0,(anonymous_2)
DA:17,6
DA:18,0
DA:20,0
DA:21,0
DA:22,0
DA:26,0
DA:27,0
DA:28,0
DA:29,0
DA:30,0
DA:31,0
DA:32,0
DA:34,0
DA:36,0
LF:14
LH:1
BRDA:27,0,0,0
BRDA:28,1,0,0
BRDA:31,2,0,0
BRDA:31,2,1,0
BRF:4
BRH:0
end_of_record
TN:
SF:src/bind.decorators.ts
FN:10,getPublicKey
FN:22,getPrivateKey
FN:37,hookProperty
FN:53,(anonymous_3)
FN:56,(anonymous_4)
FN:75,hookPropertySetter
FN:85,(anonymous_6)
FN:104,getPropertyDescriptor
FN:122,elementHasValue
FN:132,walkDOM
FN:156,cloneEventListeners
FN:158,(anonymous_11)
FN:159,(anonymous_12)
FN:160,(anonymous_13)
FN:186,recreateBoundList
FN:201,(anonymous_15)
FN:223,(anonymous_16)
FN:246,boundProxyFactory
FN:248,(anonymous_18)
FN:256,(anonymous_19)
FN:272,(anonymous_20)
FN:333,BindStyle
FN:340,(anonymous_22)
FN:347,(anonymous_23)
FN:351,(anonymous_24)
FN:367,(anonymous_25)
FN:379,(anonymous_26)
FN:428,BindCSSClass
FN:430,(anonymous_28)
FN:433,(anonymous_29)
FN:437,(anonymous_30)
FN:450,(anonymous_31)
FN:458,(anonymous_32)
FN:465,(anonymous_33)
FN:468,(anonymous_34)
FN:476,(anonymous_35)
FN:479,(anonymous_36)
FN:489,(anonymous_37)
FN:496,(anonymous_38)
FN:499,(anonymous_39)
FN:508,(anonymous_40)
FN:511,(anonymous_41)
FN:573,BindValue
FN:575,(anonymous_43)
FN:578,(anonymous_44)
FN:582,(anonymous_45)
FN:615,(anonymous_46)
FN:635,(anonymous_47)
FN:706,BindAttribute
FN:713,(anonymous_49)
FN:716,(anonymous_50)
FN:720,(anonymous_51)
FN:730,(anonymous_52)
FN:794,BindList
FN:796,(anonymous_54)
FN:801,(anonymous_55)
FN:805,(anonymous_56)
FN:822,(anonymous_57)
FN:829,(anonymous_58)
FN:845,(anonymous_59)
FN:846,(anonymous_60)
FN:878,BindCSSClassToBoolean
FN:883,(anonymous_62)
FN:897,BindDisabledToBoolean
FN:902,(anonymous_64)
FN:918,BindVisibleToBoolean
FN:923,(anonymous_66)
FN:939,BindCheckedToBoolean
FN:944,(anonymous_68)
FN:961,BindValueToNumber
FN:966,(anonymous_70)
FN:983,BindStyleToNumber
FN:992,(anonymous_72)
FN:1008,BindStyleToNumberAppendPx
FNF:74
FNH:70
FNDA:1886,getPublicKey
FNDA:647,getPrivateKey
FNDA:635,hookProperty
FNDA:375,(anonymous_3)
FNDA:38,(anonymous_4)
FNDA:308,hookPropertySetter
FNDA:19,(anonymous_6)
FNDA:943,getPropertyDescriptor
FNDA:572,elementHasValue
FNDA:296,walkDOM
FNDA:38,cloneEventListeners
FNDA:152,(anonymous_11)
FNDA:296,(anonymous_12)
FNDA:11,(anonymous_13)
FNDA:48,recreateBoundList
FNDA:4,(anonymous_15)
FNDA:140,(anonymous_16)
FNDA:12,boundProxyFactory
FNDA:2,(anonymous_18)
FNDA:6,(anonymous_19)
FNDA:4,(anonymous_20)
FNDA:32,BindStyle
FNDA:60,(anonymous_22)
FNDA:32,(anonymous_23)
FNDA:116,(anonymous_24)
FNDA:1,(anonymous_25)
FNDA:5,(anonymous_26)
FNDA:67,BindCSSClass
FNDA:120,(anonymous_28)
FNDA:67,(anonymous_29)
FNDA:249,(anonymous_30)
FNDA:247,(anonymous_31)
FNDA:5,(anonymous_32)
FNDA:3,(anonymous_33)
FNDA:3,(anonymous_34)
FNDA:6,(anonymous_35)
FNDA:3,(anonymous_36)
FNDA:10,(anonymous_37)
FNDA:6,(anonymous_38)
FNDA:6,(anonymous_39)
FNDA:11,(anonymous_40)
FNDA:6,(anonymous_41)
FNDA:112,BindValue
FNDA:445,(anonymous_43)
FNDA:112,(anonymous_44)
FNDA:420,(anonymous_45)
FNDA:9,(anonymous_46)
FNDA:16,(anonymous_47)
FNDA:42,BindAttribute
FNDA:80,(anonymous_49)
FNDA:42,(anonymous_50)
FNDA:154,(anonymous_51)
FNDA:163,(anonymous_52)
FNDA:12,BindList
FNDA:40,(anonymous_54)
FNDA:12,(anonymous_55)
FNDA:12,(anonymous_56)
FNDA:12,(anonymous_57)
FNDA:36,(anonymous_58)
FNDA:0,(anonymous_59)
FNDA:0,(anonymous_60)
FNDA:35,BindCSSClassToBoolean
FNDA:151,(anonymous_62)
FNDA:5,BindDisabledToBoolean
FNDA:41,(anonymous_64)
FNDA:5,BindVisibleToBoolean
FNDA:21,(anonymous_66)
FNDA:5,BindCheckedToBoolean
FNDA:41,(anonymous_68)
FNDA:0,BindValueToNumber
FNDA:0,(anonymous_70)
FNDA:10,BindStyleToNumber
FNDA:39,(anonymous_72)
FNDA:5,BindStyleToNumberAppendPx
DA:2,5
DA:13,1886
DA:25,647
DA:44,635
DA:45,635
DA:46,635
DA:52,635
DA:54,375
DA:57,38
DA:58,38
DA:59,38
DA:82,308
DA:83,308
DA:86,19
DA:87,19
DA:88,19
DA:90,19
DA:108,943
DA:110,943
DA:111,0
DA:113,943
DA:123,572
DA:137,296
DA:140,296
DA:141,296
DA:143,296
DA:144,144
DA:145,144
DA:146,144
DA:157,38
DA:158,38
DA:159,152
DA:160,296
DA:161,11
DA:162,8
DA:166,11
DA:167,0
DA:170,11
DA:171,0
DA:172,11
DA:193,48
DA:194,48
DA:195,48
DA:196,48
DA:197,154
DA:199,48
DA:201,4
DA:202,4
DA:204,44
DA:206,16
DA:207,38
DA:208,38
DA:209,18
DA:210,18
DA:211,9
DA:212,9
DA:213,9
DA:216,38
DA:217,38
DA:218,38
DA:223,48
DA:224,140
DA:226,140
DA:227,0
DA:228,0
DA:229,140
DA:230,0
DA:231,0
DA:232,140
DA:233,40
DA:234,100
DA:238,5
DA:247,12
DA:249,2
DA:250,2
DA:251,2
DA:254,2
DA:257,6
DA:269,6
DA:270,4
DA:272,4
DA:273,4
DA:274,4
DA:278,2
DA:333,5
DA:342,60
DA:347,32
DA:351,32
DA:352,116
DA:353,116
DA:354,2
DA:356,114
DA:357,114
DA:358,114
DA:360,114
DA:361,114
DA:362,114
DA:363,19
DA:368,1
DA:375,95
DA:380,5
DA:428,5
DA:431,120
DA:433,67
DA:437,67
DA:438,249
DA:439,249
DA:440,2
DA:442,247
DA:443,247
DA:445,247
DA:446,247
DA:447,247
DA:450,247
DA:451,247
DA:453,247
DA:454,76
DA:459,5
DA:461,5
DA:462,3
DA:465,3
DA:466,3
DA:467,3
DA:469,3
DA:473,5
DA:476,6
DA:477,5
DA:478,3
DA:479,3
DA:485,171
DA:490,10
DA:492,10
DA:493,6
DA:496,6
DA:497,6
DA:498,6
DA:500,6
DA:505,10
DA:508,11
DA:509,10
DA:510,6
DA:511,6
DA:573,5
DA:576,445
DA:578,112
DA:582,112
DA:583,420
DA:584,420
DA:585,2
DA:587,418
DA:588,418
DA:589,418
DA:590,418
DA:591,38
DA:595,38
DA:596,380
DA:597,0
DA:601,0
DA:602,380
DA:603,380
DA:604,133
DA:608,247
DA:610,418
DA:611,171
DA:616,9
DA:617,1
DA:619,1
DA:620,8
DA:621,0
DA:623,0
DA:624,8
DA:625,3
DA:627,5
DA:631,247
DA:636,16
DA:637,1
DA:639,1
DA:640,15
DA:641,0
DA:643,0
DA:644,15
DA:645,7
DA:647,8
DA:706,5
DA:714,80
DA:716,42
DA:720,42
DA:721,154
DA:722,154
DA:723,2
DA:725,152
DA:726,152
DA:728,152
DA:730,152
DA:731,163
DA:732,140
DA:736,23
DA:738,152
DA:739,152
DA:740,38
DA:742,114
DA:794,5
DA:797,40
DA:801,12
DA:805,12
DA:806,12
DA:807,12
DA:808,0
DA:810,12
DA:814,0
DA:817,12
DA:818,12
DA:819,12
DA:820,12
DA:821,12
DA:822,12
DA:823,12
DA:829,12
DA:830,36
DA:837,12
DA:839,12
DA:840,12
DA:841,4
DA:846,0
DA:847,0
DA:854,0
DA:859,8
DA:878,5
DA:883,151
DA:897,5
DA:902,5
DA:903,41
DA:918,5
DA:923,5
DA:924,21
DA:939,5
DA:944,5
DA:945,41
DA:961,5
DA:966,0
DA:983,5
DA:989,10
DA:992,39
DA:1008,5
DA:1015,5
LF:245
LH:226
BRDA:42,0,0,464
BRDA:57,1,0,10
BRDA:59,2,0,28
BRDA:80,3,0,232
BRDA:86,4,0,5
BRDA:87,5,0,19
BRDA:90,6,0,14
BRDA:110,7,0,0
BRDA:124,8,0,572
BRDA:124,8,1,452
BRDA:124,8,2,412
BRDA:124,8,3,372
BRDA:124,8,4,372
BRDA:161,9,0,8
BRDA:166,10,0,0
BRDA:170,11,0,0
BRDA:195,12,0,0
BRDA:195,12,1,48
BRDA:195,13,0,48
BRDA:195,13,1,48
BRDA:197,14,0,106
BRDA:197,15,0,154
BRDA:197,15,1,154
BRDA:199,16,0,4
BRDA:199,16,1,44
BRDA:204,17,0,16
BRDA:210,18,0,9
BRDA:210,18,1,9
BRDA:210,19,0,18
BRDA:210,19,1,18
BRDA:212,20,0,9
BRDA:218,21,0,0
BRDA:218,21,1,38
BRDA:218,22,0,38
BRDA:218,22,1,38
BRDA:224,23,0,140
BRDA:224,23,1,140
BRDA:226,24,0,0
BRDA:226,24,1,140
BRDA:229,25,0,0
BRDA:229,25,1,140
BRDA:232,26,0,40
BRDA:232,26,1,100
BRDA:234,27,0,67
BRDA:249,28,0,2
BRDA:269,29,0,4
BRDA:340,30,0,17
BRDA:353,31,0,2
BRDA:360,32,0,114
BRDA:362,33,0,19
BRDA:362,33,1,95
BRDA:430,34,0,32
BRDA:439,35,0,2
BRDA:446,36,0,247
BRDA:451,37,0,171
BRDA:453,38,0,76
BRDA:453,38,1,171
BRDA:461,39,0,3
BRDA:466,40,0,3
BRDA:477,41,0,3
BRDA:492,42,0,6
BRDA:497,43,0,6
BRDA:509,44,0,6
BRDA:575,45,0,102
BRDA:584,46,0,2
BRDA:590,47,0,38
BRDA:590,47,1,380
BRDA:596,48,0,0
BRDA:596,48,1,380
BRDA:602,49,0,380
BRDA:603,50,0,133
BRDA:603,50,1,247
BRDA:610,51,0,171
BRDA:610,51,1,247
BRDA:616,52,0,1
BRDA:616,52,1,8
BRDA:620,53,0,0
BRDA:620,53,1,8
BRDA:624,54,0,3
BRDA:624,54,1,5
BRDA:636,55,0,1
BRDA:636,55,1,15
BRDA:640,56,0,0
BRDA:640,56,1,15
BRDA:644,57,0,7
BRDA:644,57,1,8
BRDA:713,58,0,12
BRDA:722,59,0,2
BRDA:731,60,0,140
BRDA:731,60,1,23
BRDA:738,61,0,152
BRDA:739,62,0,38
BRDA:739,62,1,114
BRDA:796,63,0,10
BRDA:798,64,0,10
BRDA:799,65,0,10
BRDA:807,66,0,0
BRDA:810,67,0,0
BRDA:811,68,0,12
BRDA:811,68,1,12
BRDA:840,69,0,4
BRDA:840,69,1,8
BRDA:883,70,0,69
BRDA:883,70,1,82
BRDA:903,71,0,40
BRDA:903,71,1,1
BRDA:924,72,0,1
BRDA:924,72,1,20
BRDA:945,73,0,40
BRDA:945,73,1,1
BRDA:965,74,0,0
BRDA:988,75,0,5
BRF:112
BRH:99
end_of_record
TN:
SF:src/bootstrap.ts
FN:8,bootstrap
FNF:1
FNH:1
FNDA:30,bootstrap
DA:8,5
DA:13,30
DA:14,19
DA:16,30
DA:17,22
DA:19,22
DA:20,11
DA:21,22
LF:8
LH:8
BRDA:10,0,0,11
BRDA:13,1,0,19
BRDA:19,2,0,11
BRDA:19,2,1,11
BRF:4
BRH:4
end_of_record
TN:
SF:src/event.decorators.ts
FN:55,GenericEvent
FN:59,(anonymous_1)
FN:66,(anonymous_2)
FN:70,(anonymous_3)
FN:102,WindowEvent
FN:103,(anonymous_5)
FN:110,(anonymous_6)
FN:111,(anonymous_7)
FN:130,Click
FN:149,Blur
FN:167,Change
FN:186,Input
FN:207,Timer
FN:211,(anonymous_13)
FN:218,(anonymous_14)
FN:219,(anonymous_15)
FN:220,(anonymous_16)
FNF:17
FNH:17
FNDA:74,GenericEvent
FNDA:74,(anonymous_1)
FNDA:593,(anonymous_2)
FNDA:19,(anonymous_3)
FNDA:5,WindowEvent
FNDA:5,(anonymous_5)
FNDA:19,(anonymous_6)
FNDA:6,(anonymous_7)
FNDA:30,Click
FNDA:5,Blur
FNDA:12,Change
FNDA:17,Input
FNDA:5,Timer
FNDA:5,(anonymous_13)
FNDA:19,(anonymous_14)
FNDA:5,(anonymous_15)
FNDA:1,(anonymous_16)
DA:55,5
DA:59,74
DA:66,74
DA:68,593
DA:69,593
DA:70,593
DA:71,19
DA:72,12
DA:73,2
DA:79,10
DA:83,19
DA:102,5
DA:103,5
DA:110,5
DA:111,19
DA:112,6
DA:130,5
DA:134,30
DA:149,5
DA:153,5
DA:167,5
DA:171,12
DA:186,5
DA:190,17
DA:207,5
DA:211,5
DA:218,5
DA:219,19
DA:220,5
DA:221,1
LF:30
LH:30
BRDA:69,0,0,593
BRDA:71,1,0,12
BRDA:71,2,0,19
BRDA:71,2,1,15
BRDA:72,3,0,2
BRDA:72,3,1,10
BRDA:74,4,0,1
BRDA:74,4,1,1
BRF:8
BRH:8
end_of_record
TN:
SF:src/eventsubject.ts
FN:25,(anonymous_0)
FN:40,(anonymous_1)
FN:57,(anonymous_2)
FN:58,(anonymous_3)
FN:59,(anonymous_4)
FN:74,(anonymous_5)
FN:92,(anonymous_6)
FN:109,(anonymous_7)
FN:110,(anonymous_8)
FN:112,(anonymous_9)
FN:115,(anonymous_10)
FNF:11
FNH:11
FNDA:18,(anonymous_0)
FNDA:21,(anonymous_1)
FNDA:2,(anonymous_2)
FNDA:2,(anonymous_3)
FNDA:1,(anonymous_4)
FNDA:11,(anonymous_5)
FNDA:4,(anonymous_6)
FNDA:4,(anonymous_7)
FNDA:4,(anonymous_8)
FNDA:1,(anonymous_9)
FNDA:3,(anonymous_10)
DA:21,7
DA:22,18
DA:23,18
DA:24,18
DA:41,21
DA:42,21
DA:43,21
DA:58,2
DA:59,2
DA:75,41
DA:93,4
DA:110,4
DA:111,4
DA:113,1
DA:116,3
LF:15
LH:15
BRDA:42,0,0,5
BRF:1
BRH:1
end_of_record
